{"uid":"b6636a099c1673dd","name":"test_turnlamp_triggered_synchronflash[6]","fullName":"tests.turnlamp.test_synchron_flash#test_turnlamp_triggered_synchronflash","historyId":"16dd48dd250f19bb2a40690911a259b7","time":{"start":1756272716398,"stop":1756272723710,"duration":7312},"status":"failed","statusMessage":"AssertionError: Right signal should have at least one signal change.\nassert not True\n +  where True = Index([], dtype='float64').empty","statusTrace":"ta = <openta.testing.testenv.TestEnvironmentAccess object at 0x70bac08b50d0>\nbattery_voltage = 6\n\n    @pytest.mark.parametrize(\"battery_voltage\", range(6, 15, 1))\n    @pytest.mark.turnlamp\n    def test_turnlamp_triggered_synchronflash(ta: TestEnvironmentAccess, battery_voltage: float):\n        # == Arrange ===\n        with allure.step(\"Arrange: Set initial values and ensure load is connected\"):\n            # #####################################\n            # Arrange\n            # #####################################\n            # Set battery voltage due to given parameter\n            ta.vars.BatteryVoltage.value = battery_voltage\n    \n            # Ensure lever is turned OFF\n            ta.vars.TurnSignalLever.value = constants.TURNSIGNAL_LEVER.OFF\n    \n        # #####################################\n        # Act\n        # #####################################\n        with (\n            allure.step(\"Act: Start capture and test\"),\n            Capturing(\n                [\n                    ta.vars.TurnSignalLever,\n                    ta.vars.TurnSignalFrontRight,\n                    ta.vars.TurnSignalFrontLeft,\n                    ta.vars.TurnSignalRearRight,\n                    ta.vars.TurnSignalRearLeft,\n                ],\n                start_trigger=(\"TurnSignalLever >= 1\", -0.1),\n                stop_trigger=(\"TurnSignalLever <= 0\", 0.1),\n            ) as capture,\n        ):\n            # Start blinking -> Turn right\n            time.sleep(1)\n            ta.vars.TurnSignalLever.value = constants.TURNSIGNAL_LEVER.RIGHT\n            time.sleep(3)\n            ta.vars.TurnSignalLever.value = constants.TURNSIGNAL_LEVER.OFF\n            # the capture is stopped here,\n            # if the following and its reaction, flashing of left lights, is captured\n            # then the test will fail\n            time.sleep(1)\n            ta.vars.TurnSignalLever.value = constants.TURNSIGNAL_LEVER.LEFT\n            time.sleep(2)\n            ta.vars.TurnSignalLever.value = constants.TURNSIGNAL_LEVER.OFF\n    \n        # ##########################################\n        # Prepare Assert and reporting\n        # ##########################################\n    \n        # Do common check and reporting for usecase \"Turn to right\"\n>       common_evaluation_turnlamp_right_side(ta, capture)\n\ntests/turnlamp/test_synchron_flash.py:193: \n_ _ _ _ _ _ _ _ _ _ _ _ _ _ _ _ _ _ _ _ _ _ _ _ _ _ _ _ _ _ _ _ _ _ _ _ _ _ _ _ \n\nta = <openta.testing.testenv.TestEnvironmentAccess object at 0x70bac08b50d0>\ncapture = <openta.testing.capturing.Capturing object at 0x70bab87ad6d0>\n\n    def common_evaluation_turnlamp_right_side(ta: TestEnvironmentAccess, capture: Capturing):\n        \"\"\"\n        Common checks (assert) for \"Turn right\" testcase:\n            - Check response time of light after lever has been activated.\n            - Check no flashes at left side\n            - Check at least one flash at right side\n    \n        Plot signals to report:\n            - TurnSignalLever\n            - RightFrontSignal\n            - LeftFrontSignal\n    \n        Params:  ta - TestEnvironmentAccess\n                capture - TA SDK Capture (multiport contextmanager)\n        \"\"\"\n        # Get current value of battery voltage for reporting\n        battery_voltage = ta.vars.BatteryVoltage.value\n    \n        # ##########################################\n        # Prepare Assert and reporting\n        # ##########################################\n        with allure.step(\"Assert: Get signals and plot\"):\n            utils.plot_dataframe_to_report(\n                capture.get_data_frame(),\n                layout=[\n                    \"TurnSignalLever\",\n                    [\"TurnSignalFrontLeft\", \"TurnSignalRearLeft\"],\n                    [\"TurnSignalFrontRight\", \"TurnSignalRearRight\"],\n                ],\n            )\n            # Get captured signals\n            turn_sig_lever = capture.get_signal(ta.vars.TurnSignalLever)\n            front_left_sig = capture.get_signal(ta.vars.TurnSignalFrontLeft)\n            front_right_sig = capture.get_signal(ta.vars.TurnSignalFrontRight)\n    \n            # Get signal changes from measured signals\n            time_stamps_lever = turn_sig_lever[(turn_sig_lever.diff() == 1)].index\n            time_stamps_left = front_left_sig[(front_left_sig.diff() == 1)].index\n            time_stamps_right = front_right_sig[(front_right_sig.diff() == 1)].index\n    \n            # ##########################################\n            # Assert\n            # ##########################################\n            expected_response_time = 0.3\n    \n            # Check if signal changes at right side has been detected.\n>           assert not time_stamps_right.empty, \"Right signal should have at least one signal change.\"\nE           AssertionError: Right signal should have at least one signal change.\nE           assert not True\nE            +  where True = Index([], dtype='float64').empty\n\ntests/turnlamp/test_synchron_flash.py:68: AssertionError","flaky":false,"newFailed":false,"newBroken":false,"newPassed":false,"retriesCount":1,"retriesStatusChange":true,"beforeStages":[{"name":"ta","time":{"start":1756272684860,"stop":1756272696316,"duration":11456},"status":"passed","steps":[{"name":"Setup Ports","time":{"start":1756272684936,"stop":1756272696316,"duration":11380},"status":"passed","steps":[],"attachments":[],"parameters":[],"shouldDisplayMessage":false,"stepsCount":0,"attachmentsCount":0,"hasContent":false,"attachmentStep":false}],"attachments":[],"parameters":[],"shouldDisplayMessage":false,"stepsCount":1,"attachmentsCount":0,"hasContent":true,"attachmentStep":false}],"testStage":{"status":"failed","statusMessage":"AssertionError: Right signal should have at least one signal change.\nassert not True\n +  where True = Index([], dtype='float64').empty","statusTrace":"ta = <openta.testing.testenv.TestEnvironmentAccess object at 0x70bac08b50d0>\nbattery_voltage = 6\n\n    @pytest.mark.parametrize(\"battery_voltage\", range(6, 15, 1))\n    @pytest.mark.turnlamp\n    def test_turnlamp_triggered_synchronflash(ta: TestEnvironmentAccess, battery_voltage: float):\n        # == Arrange ===\n        with allure.step(\"Arrange: Set initial values and ensure load is connected\"):\n            # #####################################\n            # Arrange\n            # #####################################\n            # Set battery voltage due to given parameter\n            ta.vars.BatteryVoltage.value = battery_voltage\n    \n            # Ensure lever is turned OFF\n            ta.vars.TurnSignalLever.value = constants.TURNSIGNAL_LEVER.OFF\n    \n        # #####################################\n        # Act\n        # #####################################\n        with (\n            allure.step(\"Act: Start capture and test\"),\n            Capturing(\n                [\n                    ta.vars.TurnSignalLever,\n                    ta.vars.TurnSignalFrontRight,\n                    ta.vars.TurnSignalFrontLeft,\n                    ta.vars.TurnSignalRearRight,\n                    ta.vars.TurnSignalRearLeft,\n                ],\n                start_trigger=(\"TurnSignalLever >= 1\", -0.1),\n                stop_trigger=(\"TurnSignalLever <= 0\", 0.1),\n            ) as capture,\n        ):\n            # Start blinking -> Turn right\n            time.sleep(1)\n            ta.vars.TurnSignalLever.value = constants.TURNSIGNAL_LEVER.RIGHT\n            time.sleep(3)\n            ta.vars.TurnSignalLever.value = constants.TURNSIGNAL_LEVER.OFF\n            # the capture is stopped here,\n            # if the following and its reaction, flashing of left lights, is captured\n            # then the test will fail\n            time.sleep(1)\n            ta.vars.TurnSignalLever.value = constants.TURNSIGNAL_LEVER.LEFT\n            time.sleep(2)\n            ta.vars.TurnSignalLever.value = constants.TURNSIGNAL_LEVER.OFF\n    \n        # ##########################################\n        # Prepare Assert and reporting\n        # ##########################################\n    \n        # Do common check and reporting for usecase \"Turn to right\"\n>       common_evaluation_turnlamp_right_side(ta, capture)\n\ntests/turnlamp/test_synchron_flash.py:193: \n_ _ _ _ _ _ _ _ _ _ _ _ _ _ _ _ _ _ _ _ _ _ _ _ _ _ _ _ _ _ _ _ _ _ _ _ _ _ _ _ \n\nta = <openta.testing.testenv.TestEnvironmentAccess object at 0x70bac08b50d0>\ncapture = <openta.testing.capturing.Capturing object at 0x70bab87ad6d0>\n\n    def common_evaluation_turnlamp_right_side(ta: TestEnvironmentAccess, capture: Capturing):\n        \"\"\"\n        Common checks (assert) for \"Turn right\" testcase:\n            - Check response time of light after lever has been activated.\n            - Check no flashes at left side\n            - Check at least one flash at right side\n    \n        Plot signals to report:\n            - TurnSignalLever\n            - RightFrontSignal\n            - LeftFrontSignal\n    \n        Params:  ta - TestEnvironmentAccess\n                capture - TA SDK Capture (multiport contextmanager)\n        \"\"\"\n        # Get current value of battery voltage for reporting\n        battery_voltage = ta.vars.BatteryVoltage.value\n    \n        # ##########################################\n        # Prepare Assert and reporting\n        # ##########################################\n        with allure.step(\"Assert: Get signals and plot\"):\n            utils.plot_dataframe_to_report(\n                capture.get_data_frame(),\n                layout=[\n                    \"TurnSignalLever\",\n                    [\"TurnSignalFrontLeft\", \"TurnSignalRearLeft\"],\n                    [\"TurnSignalFrontRight\", \"TurnSignalRearRight\"],\n                ],\n            )\n            # Get captured signals\n            turn_sig_lever = capture.get_signal(ta.vars.TurnSignalLever)\n            front_left_sig = capture.get_signal(ta.vars.TurnSignalFrontLeft)\n            front_right_sig = capture.get_signal(ta.vars.TurnSignalFrontRight)\n    \n            # Get signal changes from measured signals\n            time_stamps_lever = turn_sig_lever[(turn_sig_lever.diff() == 1)].index\n            time_stamps_left = front_left_sig[(front_left_sig.diff() == 1)].index\n            time_stamps_right = front_right_sig[(front_right_sig.diff() == 1)].index\n    \n            # ##########################################\n            # Assert\n            # ##########################################\n            expected_response_time = 0.3\n    \n            # Check if signal changes at right side has been detected.\n>           assert not time_stamps_right.empty, \"Right signal should have at least one signal change.\"\nE           AssertionError: Right signal should have at least one signal change.\nE           assert not True\nE            +  where True = Index([], dtype='float64').empty\n\ntests/turnlamp/test_synchron_flash.py:68: AssertionError","steps":[{"name":"Arrange: Set initial values and ensure load is connected","time":{"start":1756272716398,"stop":1756272716401,"duration":3},"status":"passed","steps":[{"name":"BatteryVoltage = 6","time":{"start":1756272716398,"stop":1756272716400,"duration":2},"status":"passed","steps":[],"attachments":[],"parameters":[],"shouldDisplayMessage":false,"stepsCount":0,"attachmentsCount":0,"hasContent":false,"attachmentStep":false},{"name":"TurnSignalLever = 0","time":{"start":1756272716400,"stop":1756272716401,"duration":1},"status":"passed","steps":[],"attachments":[],"parameters":[],"shouldDisplayMessage":false,"stepsCount":0,"attachmentsCount":0,"hasContent":false,"attachmentStep":false}],"attachments":[],"parameters":[],"shouldDisplayMessage":false,"stepsCount":2,"attachmentsCount":0,"hasContent":true,"attachmentStep":false},{"name":"Act: Start capture and test","time":{"start":1756272716401,"stop":1756272723485,"duration":7084},"status":"passed","steps":[{"name":"TurnSignalLever = 1","time":{"start":1756272717459,"stop":1756272717460,"duration":1},"status":"passed","steps":[],"attachments":[],"parameters":[],"shouldDisplayMessage":false,"stepsCount":0,"attachmentsCount":0,"hasContent":false,"attachmentStep":false},{"name":"TurnSignalLever = 0","time":{"start":1756272720461,"stop":1756272720462,"duration":1},"status":"passed","steps":[],"attachments":[],"parameters":[],"shouldDisplayMessage":false,"stepsCount":0,"attachmentsCount":0,"hasContent":false,"attachmentStep":false},{"name":"TurnSignalLever = -1","time":{"start":1756272721463,"stop":1756272721465,"duration":2},"status":"passed","steps":[],"attachments":[],"parameters":[],"shouldDisplayMessage":false,"stepsCount":0,"attachmentsCount":0,"hasContent":false,"attachmentStep":false},{"name":"TurnSignalLever = 0","time":{"start":1756272723465,"stop":1756272723467,"duration":2},"status":"passed","steps":[],"attachments":[],"parameters":[],"shouldDisplayMessage":false,"stepsCount":0,"attachmentsCount":0,"hasContent":false,"attachmentStep":false}],"attachments":[],"parameters":[],"shouldDisplayMessage":false,"stepsCount":4,"attachmentsCount":0,"hasContent":true,"attachmentStep":false},{"name":"Assert: Get signals and plot","time":{"start":1756272723486,"stop":1756272723710,"duration":224},"status":"failed","statusMessage":"AssertionError: Right signal should have at least one signal change.\nassert not True\n +  where True = Index([], dtype='float64').empty\n","statusTrace":"  File \"/home/runner/actions-runner/_work/dspace-virtual-workbench/dspace-virtual-workbench/PythonSDK_Turnlamp/tests/turnlamp/test_synchron_flash.py\", line 68, in common_evaluation_turnlamp_right_side\n    assert not time_stamps_right.empty, \"Right signal should have at least one signal change.\"\n","steps":[],"attachments":[{"uid":"c46b978e8d870a40","name":"All signals","source":"c46b978e8d870a40.svg","type":"image/svg+xml","size":48194}],"parameters":[],"shouldDisplayMessage":true,"stepsCount":0,"attachmentsCount":1,"hasContent":true,"attachmentStep":false}],"attachments":[{"uid":"d8b4ffc39965da8c","name":"log","source":"d8b4ffc39965da8c.txt","type":"text/plain","size":164}],"parameters":[],"shouldDisplayMessage":true,"stepsCount":9,"attachmentsCount":2,"hasContent":true,"attachmentStep":false},"afterStages":[{"name":"ta::0","time":{"start":1756272946141,"stop":1756272946171,"duration":30},"status":"passed","steps":[{"name":"Teardown Ports","time":{"start":1756272946141,"stop":1756272946171,"duration":30},"status":"passed","steps":[],"attachments":[],"parameters":[],"shouldDisplayMessage":false,"stepsCount":0,"attachmentsCount":0,"hasContent":false,"attachmentStep":false}],"attachments":[],"parameters":[],"shouldDisplayMessage":false,"stepsCount":1,"attachmentsCount":0,"hasContent":true,"attachmentStep":false}],"labels":[{"name":"tag","value":"turnlamp"},{"name":"parentSuite","value":"tests.turnlamp"},{"name":"suite","value":"test_synchron_flash"},{"name":"host","value":"ip-10-2-7-148"},{"name":"thread","value":"3215-MainThread"},{"name":"framework","value":"pytest"},{"name":"language","value":"cpython3"},{"name":"package","value":"tests.turnlamp.test_synchron_flash"},{"name":"resultFormat","value":"allure2"}],"parameters":[{"name":"battery_voltage","value":"6"}],"links":[],"hidden":false,"retry":false,"extra":{"severity":"normal","retries":[{"uid":"87b1104b44b75985","status":"broken","statusDetails":"openta.common.exceptions.PortError: Setup of Ports Failed: dSPACE.XIL.Testbench.ECUPort.Interfaces.Error.ECUPortException_impl: No valid license found. Vendor Description: CodeMeter License Server not found, Error 101.\n   at dSPACE.XIL.Testbench.Client.CommonServiceAccess.CheckAndThrowException(ServiceException exception)\n   at dSPACE.XIL.Testbench.Client.CommonServiceAccess.CreateInstance(InstanceType instanceType, Object[] args)\n   at dSPACE.XIL.Testbench.Client.Testbench.ECUPort.ECUPortFactory.CreateECUPort(String name)\n‚ê§Failed to create 'ECU' DsEcuPort","time":{"start":1756272708613,"stop":1756272708613,"duration":0}}],"categories":[{"name":"Product defects","matchedStatuses":[]}],"tags":["turnlamp"]},"source":"b6636a099c1673dd.json","parameterValues":["6"]}